<?xml version="1.0" encoding="UTF-8" ?>
<testsuites>
  <testsuite errors="0" failures="0" hostname="FNBU923YLG3" id="0" name="MainTest" package="za.co.pokerface.test" skipped="0" tests="5" time="0.404" timestamp="2024-04-11T10:15:42">
      <properties>
[...]
</properties>

      <testcase classname="za.co.pokerface.test.MainTest" name="testDeckShuffle" time="0.016" />

      <testcase classname="za.co.pokerface.test.MainTest" name="testReturnHand" time="0.0" />

      <testcase classname="za.co.pokerface.test.MainTest" name="testCardDrawStandardDeck" time="0.0" />

      <testcase classname="za.co.pokerface.test.MainTest" name="testDeckSize" time="0.0" />

      <testcase classname="za.co.pokerface.test.MainTest" name="testEvalue" time="0.057" />

      <system-out><![CDATA[]]></system-out>

      <system-err><![CDATA[]]></system-err>

  </testsuite>
</testsuites>
