<?xml version="1.0" encoding="UTF-8" ?>
<testsuite errors="1" failures="0" hostname="FNBU923YLG3" name="za.co.pokerface.test.MainTest" skipped="0" tests="1" time="0.0" timestamp="2024-04-11T09:56:34">
  <properties>
[...]
</properties>
  <error message="za.co.pokerface.test.MainTest" type="java.lang.ClassNotFoundException">java.lang.ClassNotFoundException: za.co.pokerface.test.MainTest
	at java.base/jdk.internal.loader.BuiltinClassLoader.loadClass(BuiltinClassLoader.java:641)
	at java.base/jdk.internal.loader.ClassLoaders$AppClassLoader.loadClass(ClassLoaders.java:188)
	at java.base/java.lang.ClassLoader.loadClass(ClassLoader.java:520)
	at java.base/java.lang.Class.forName0(Native Method)
	at java.base/java.lang.Class.forName(Class.java:467)
</error>
  <system-out><![CDATA[]]></system-out>
  <system-err><![CDATA[]]></system-err>
</testsuite>
